# JRE version: 7.0_17-b02
# Java VM: Java HotSpot(TM) 64-Bit Server VM (23.7-b01 mixed mode windows-amd64 compressed oops)
Heap
 PSYoungGen      total 65536K, used 64032K [0x00000000eba00000, 0x00000000efc80000, 0x0000000100000000)
  eden space 62976K, 97% used [0x00000000eba00000,0x00000000ef608630,0x00000000ef780000)
  from space 2560K, 99% used [0x00000000efa00000,0x00000000efc7fae8,0x00000000efc80000)
  to   space 2560K, 0% used [0x00000000ef780000,0x00000000ef780000,0x00000000efa00000)
 ParOldGen       total 41728K, used 9803K [0x00000000c2e00000, 0x00000000c56c0000, 0x00000000eba00000)
  object space 41728K, 23% used [0x00000000c2e00000,0x00000000c3792e08,0x00000000c56c0000)
 PSPermGen       total 26624K, used 26581K [0x00000000bdc00000, 0x00000000bf600000, 0x00000000c2e00000)
  object space 26624K, 99% used [0x00000000bdc00000,0x00000000bf5f5530,0x00000000bf600000)
GC Heap History (8 events):
Event: 0.706 GC heap before
{Heap before GC invocations=1 (full 0):
 PSYoungGen      total 18304K, used 15744K [0x00000000eba00000, 0x00000000ece60000, 0x0000000100000000)
  eden space 15744K, 100% used [0x00000000eba00000,0x00000000ec960000,0x00000000ec960000)
  from space 2560K, 0% used [0x00000000ecbe0000,0x00000000ecbe0000,0x00000000ece60000)
  to   space 2560K, 0% used [0x00000000ec960000,0x00000000ec960000,0x00000000ecbe0000)
 ParOldGen       total 41728K, used 0K [0x00000000c2e00000, 0x00000000c56c0000, 0x00000000eba00000)
  object space 41728K, 0% used [0x00000000c2e00000,0x00000000c2e00000,0x00000000c56c0000)
 PSPermGen       total 21248K, used 7099K [0x00000000bdc00000, 0x00000000bf0c0000, 0x00000000c2e00000)
  object space 21248K, 33% used [0x00000000bdc00000,0x00000000be2eed98,0x00000000bf0c0000)
Event: 0.721 GC heap after
Heap after GC invocations=1 (full 0):
 PSYoungGen      total 18304K, used 2557K [0x00000000eba00000, 0x00000000eddc0000, 0x0000000100000000)
  eden space 15744K, 0% used [0x00000000eba00000,0x00000000eba00000,0x00000000ec960000)
  from space 2560K, 99% used [0x00000000ec960000,0x00000000ecbdf7e0,0x00000000ecbe0000)
  to   space 2560K, 0% used [0x00000000edb40000,0x00000000edb40000,0x00000000eddc0000)
 ParOldGen       total 41728K, used 187K [0x00000000c2e00000, 0x00000000c56c0000, 0x00000000eba00000)
  object space 41728K, 0% used [0x00000000c2e00000,0x00000000c2e2ef70,0x00000000c56c0000)
 PSPermGen       total 21248K, used 7099K [0x00000000bdc00000, 0x00000000bf0c0000, 0x00000000c2e00000)
  object space 21248K, 33% used [0x00000000bdc00000,0x00000000be2eed98,0x00000000bf0c0000)
}
Event: 1.372 GC heap before
{Heap before GC invocations=2 (full 0):
 PSYoungGen      total 18304K, used 18301K [0x00000000eba00000, 0x00000000eddc0000, 0x0000000100000000)
  eden space 15744K, 100% used [0x00000000eba00000,0x00000000ec960000,0x00000000ec960000)
  from space 2560K, 99% used [0x00000000ec960000,0x00000000ecbdf7e0,0x00000000ecbe0000)
  to   space 2560K, 0% used [0x00000000edb40000,0x00000000edb40000,0x00000000eddc0000)
 ParOldGen       total 41728K, used 187K [0x00000000c2e00000, 0x00000000c56c0000, 0x00000000eba00000)
  object space 41728K, 0% used [0x00000000c2e00000,0x00000000c2e2ef70,0x00000000c56c0000)
 PSPermGen       total 21248K, used 9529K [0x00000000bdc00000, 0x00000000bf0c0000, 0x00000000c2e00000)
  object space 21248K, 44% used [0x00000000bdc00000,0x00000000be54e6e0,0x00000000bf0c0000)
Event: 1.378 GC heap after
Heap after GC invocations=2 (full 0):
 PSYoungGen      total 34048K, used 2536K [0x00000000eba00000, 0x00000000eddc0000, 0x0000000100000000)
  eden space 31488K, 0% used [0x00000000eba00000,0x00000000eba00000,0x00000000ed8c0000)
  from space 2560K, 99% used [0x00000000edb40000,0x00000000eddba318,0x00000000eddc0000)
  to   space 2560K, 0% used [0x00000000ed8c0000,0x00000000ed8c0000,0x00000000edb40000)
 ParOldGen       total 41728K, used 856K [0x00000000c2e00000, 0x00000000c56c0000, 0x00000000eba00000)
  object space 41728K, 2% used [0x00000000c2e00000,0x00000000c2ed6348,0x00000000c56c0000)
 PSPermGen       total 21248K, used 9529K [0x00000000bdc00000, 0x00000000bf0c0000, 0x00000000c2e00000)
  object space 21248K, 44% used [0x00000000bdc00000,0x00000000be54e6e0,0x00000000bf0c0000)
}
Event: 2.289 GC heap before
{Heap before GC invocations=3 (full 0):
 PSYoungGen      total 34048K, used 34024K [0x00000000eba00000, 0x00000000eddc0000, 0x0000000100000000)
  eden space 31488K, 100% used [0x00000000eba00000,0x00000000ed8c0000,0x00000000ed8c0000)
  from space 2560K, 99% used [0x00000000edb40000,0x00000000eddba318,0x00000000eddc0000)
  to   space 2560K, 0% used [0x00000000ed8c0000,0x00000000ed8c0000,0x00000000edb40000)
 ParOldGen       total 41728K, used 856K [0x00000000c2e00000, 0x00000000c56c0000, 0x00000000eba00000)
  object space 41728K, 2% used [0x00000000c2e00000,0x00000000c2ed6348,0x00000000c56c0000)
 PSPermGen       total 21248K, used 15313K [0x00000000bdc00000, 0x00000000bf0c0000, 0x00000000c2e00000)
  object space 21248K, 72% used [0x00000000bdc00000,0x00000000beaf46e8,0x00000000bf0c0000)
Event: 2.300 GC heap after
Heap after GC invocations=3 (full 0):
 PSYoungGen      total 34048K, used 2558K [0x00000000eba00000, 0x00000000efc80000, 0x0000000100000000)
  eden space 31488K, 0% used [0x00000000eba00000,0x00000000eba00000,0x00000000ed8c0000)
  from space 2560K, 99% used [0x00000000ed8c0000,0x00000000edb3fac8,0x00000000edb40000)
  to   space 2560K, 0% used [0x00000000efa00000,0x00000000efa00000,0x00000000efc80000)
 ParOldGen       total 41728K, used 4822K [0x00000000c2e00000, 0x00000000c56c0000, 0x00000000eba00000)
  object space 41728K, 11% used [0x00000000c2e00000,0x00000000c32b5bc8,0x00000000c56c0000)
 PSPermGen       total 21248K, used 15313K [0x00000000bdc00000, 0x00000000bf0c0000, 0x00000000c2e00000)
  object space 21248K, 72% used [0x00000000bdc00000,0x00000000beaf46e8,0x00000000bf0c0000)
}
Event: 3.395 GC heap before
{Heap before GC invocations=4 (full 0):
 PSYoungGen      total 34048K, used 34046K [0x00000000eba00000, 0x00000000efc80000, 0x0000000100000000)
  eden space 31488K, 100% used [0x00000000eba00000,0x00000000ed8c0000,0x00000000ed8c0000)
  from space 2560K, 99% used [0x00000000ed8c0000,0x00000000edb3fac8,0x00000000edb40000)
  to   space 2560K, 0% used [0x00000000efa00000,0x00000000efa00000,0x00000000efc80000)
 ParOldGen       total 41728K, used 4822K [0x00000000c2e00000, 0x00000000c56c0000, 0x00000000eba00000)
  object space 41728K, 11% used [0x00000000c2e00000,0x00000000c32b5bc8,0x00000000c56c0000)
 PSPermGen       total 21248K, used 20953K [0x00000000bdc00000, 0x00000000bf0c0000, 0x00000000c2e00000)
  object space 21248K, 98% used [0x00000000bdc00000,0x00000000bf0767b8,0x00000000bf0c0000)
Event: 3.413 GC heap after
Heap after GC invocations=4 (full 0):
 PSYoungGen      total 65536K, used 2558K [0x00000000eba00000, 0x00000000efc80000, 0x0000000100000000)
  eden space 62976K, 0% used [0x00000000eba00000,0x00000000eba00000,0x00000000ef780000)
  from space 2560K, 99% used [0x00000000efa00000,0x00000000efc7fae8,0x00000000efc80000)
  to   space 2560K, 0% used [0x00000000ef780000,0x00000000ef780000,0x00000000efa00000)
 ParOldGen       total 41728K, used 9803K [0x00000000c2e00000, 0x00000000c56c0000, 0x00000000eba00000)
  object space 41728K, 23% used [0x00000000c2e00000,0x00000000c3792e08,0x00000000c56c0000)
 PSPermGen       total 21248K, used 20953K [0x00000000bdc00000, 0x00000000bf0c0000, 0x00000000c2e00000)
  object space 21248K, 98% used [0x00000000bdc00000,0x00000000bf0767b8,0x00000000bf0c0000)
}

